<?xml version="1.0"?>
<testsuite name="HeadlessChrome 83.0.4103 (Linux 0.0.0)" package="" timestamp="2020-06-12T01:58:16" id="0" hostname="01264f92a4a1" tests="30" errors="0" failures="0" time="0.047">
  <properties>
    <property name="browser.fullName" value="Mozilla/5.0 (X11; Linux x86_64) AppleWebKit/537.36 (KHTML, like Gecko) HeadlessChrome/83.0.4103.97 Safari/537.36"/>
  </properties>
  <testcase name=" basic advanced layout" time="0.008" classname=""/>
  <testcase name=" advanced bytes (no read)" time="0.002" classname=""/>
  <testcase name=" advanced types passed into another schema" time="0.002" classname=""/>
  <testcase name=" read bytes" time="0.003" classname=""/>
  <testcase name=" empty schema parse should work" time="0.001" classname=""/>
  <testcase name=" cannot overwrite existing type" time="0" classname=""/>
  <testcase name=" cannot use unknown kind" time="0" classname=""/>
  <testcase name=" cannot create node from invalid nodes" time="0" classname=""/>
  <testcase name=" cannot create node from invalid nodes from advanded layout" time="0" classname=""/>
  <testcase name=" must provide advanced layout definition" time="0" classname=""/>
  <testcase name=" must provide advanced layout schema" time="0" classname=""/>
  <testcase name=" must provide advanced layout implementation" time="0.001" classname=""/>
  <testcase name=" struct representation not map" time="0.001" classname=""/>
  <testcase name=" all kinds" time="0.001" classname=""/>
  <testcase name=" all kinds in struct" time="0.001" classname=""/>
  <testcase name=" advanced features" time="0.001" classname=""/>
  <testcase name=" kind errors" time="0.001" classname=""/>
  <testcase name=" serializer" time="0.001" classname=""/>
  <testcase name=" basic struct" time="0.003" classname=""/>
  <testcase name=" link in map" time="0.006" classname=""/>
  <testcase name=" link resolve" time="0.002" classname=""/>
  <testcase name=" link without expected type" time="0.004" classname=""/>
  <testcase name=" struct in struct" time="0.003" classname=""/>
  <testcase name=" must base getBlock for multiblock get" time="0.001" classname=""/>
  <testcase name=" basic struct" time="0" classname=""/>
  <testcase name=" nullable" time="0.001" classname=""/>
  <testcase name=" properties w/o schema" time="0" classname=""/>
  <testcase name=" struct in struct" time="0.001" classname=""/>
  <testcase name=" basic keyed union" time="0.002" classname=""/>
  <testcase name=" test path get" time="0.001" classname=""/>
  <system-out>
    <![CDATA[
]]>
  </system-out>
  <system-err/>
</testsuite>